2023-08/17 12:50:26 INFO  Log:10 - =========getMyTitleTest Start==========
2023-08/17 12:50:26 INFO  Log:18 - user is going to verify title
2023-08/17 12:50:27 INFO  Log:18 - getMyTitle testcase is passed
2023-08/17 12:50:27 INFO  Log:14 - ===========getMyTitleEnd Test============
2023-08/17 12:50:59 INFO  Log:10 - =========verifyMyShopLogoTest Start==========
2023-08/17 12:50:59 INFO  Log:18 - user is going to validate logo
2023-08/17 12:50:59 INFO  Log:18 - verifyMyShopLogo test case is passed
2023-08/17 12:50:59 INFO  Log:14 - ===========verifyMyShopLogoEnd Test============
2023-08/17 12:54:27 INFO  Log:10 - =========loginTestTest Start==========
2023-08/17 15:10:06 INFO  Log:10 - =========loginTestTest Start==========
2023-08/17 15:10:14 INFO  Log:18 - user is going to enter login details
2023-08/17 15:10:19 INFO  Log:18 - user successfully entered login credentials
2023-08/17 15:10:19 INFO  Log:18 - loginTest testcase is passed
2023-08/17 15:10:19 INFO  Log:14 - ===========loginTestEnd Test============
2023-08/17 15:38:36 INFO  Log:10 - =========loginTestTest Start==========
2023-08/17 15:38:44 INFO  Log:18 - user is going to enter login details
2023-08/17 15:38:52 INFO  Log:18 - user successfully entered login credentials
2023-08/17 15:38:52 INFO  Log:18 - loginTest testcase is passed
2023-08/17 15:38:52 INFO  Log:14 - ===========loginTestEnd Test============
2023-08/17 15:39:05 INFO  Log:10 - =========loginTestTest Start==========
2023-08/17 15:39:06 INFO  Log:18 - user is going to enter login details
2023-08/17 15:39:37 INFO  Log:18 - user successfully entered login credentials
2023-08/17 15:39:37 INFO  Log:18 - loginTest testcase is passed
2023-08/17 15:39:37 INFO  Log:14 - ===========loginTestEnd Test============
2023-08/17 15:39:50 INFO  Log:10 - =========loginTestTest Start==========
2023-08/17 15:39:51 INFO  Log:18 - user is going to enter login details
2023-08/17 15:40:03 INFO  Log:18 - user successfully entered login credentials
2023-08/17 15:40:03 INFO  Log:18 - loginTest testcase is passed
2023-08/17 15:40:03 INFO  Log:14 - ===========loginTestEnd Test============
2023-08/17 15:40:18 INFO  Log:10 - =========loginTestTest Start==========
2023-08/17 15:40:20 INFO  Log:18 - user is going to enter login details
2023-08/17 15:40:24 INFO  Log:18 - user successfully entered login credentials
2023-08/17 15:40:24 INFO  Log:18 - loginTest testcase is passed
2023-08/17 15:40:24 INFO  Log:14 - ===========loginTestEnd Test============
2023-08/17 15:40:34 INFO  Log:10 - =========loginTestTest Start==========
2023-08/17 15:40:35 INFO  Log:18 - user is going to enter login details
2023-08/17 15:40:51 INFO  Log:18 - user successfully entered login credentials
2023-08/17 15:40:51 INFO  Log:18 - loginTest testcase is passed
2023-08/17 15:40:51 INFO  Log:14 - ===========loginTestEnd Test============
2023-08/17 15:46:36 INFO  Log:10 - =========getMyTitleTest Start==========
2023-08/17 15:46:36 INFO  Log:18 - user is going to verify title
2023-08/17 15:46:36 INFO  Log:18 - getMyTitle testcase is passed
2023-08/17 15:46:36 INFO  Log:14 - ===========getMyTitleEnd Test============
2023-08/17 15:46:56 INFO  Log:10 - =========verifyMyShopLogoTest Start==========
2023-08/17 15:46:56 INFO  Log:18 - user is going to validate logo
2023-08/17 15:46:57 INFO  Log:18 - verifyMyShopLogo test case is passed
2023-08/17 15:46:57 INFO  Log:14 - ===========verifyMyShopLogoEnd Test============
2023-08/17 15:47:10 INFO  Log:10 - =========ProductPageTestTest Start==========
2023-08/17 15:47:39 INFO  Log:18 - user is going to click on selenium ruby
2023-08/17 15:49:04 INFO  Log:10 - =========loginTestTest Start==========
2023-08/17 15:49:07 INFO  Log:18 - user is going to enter login details
2023-08/17 15:49:15 INFO  Log:18 - user successfully entered login credentials
2023-08/17 15:49:15 INFO  Log:18 - loginTest testcase is passed
2023-08/17 15:49:15 INFO  Log:14 - ===========loginTestEnd Test============
2023-08/17 15:49:25 INFO  Log:10 - =========loginTestTest Start==========
2023-08/17 15:49:33 INFO  Log:18 - user is going to enter login details
2023-08/17 15:49:37 INFO  Log:18 - user successfully entered login credentials
2023-08/17 15:49:37 INFO  Log:18 - loginTest testcase is passed
2023-08/17 15:49:37 INFO  Log:14 - ===========loginTestEnd Test============
2023-08/17 15:49:51 INFO  Log:10 - =========loginTestTest Start==========
2023-08/17 15:49:53 INFO  Log:18 - user is going to enter login details
2023-08/17 15:50:02 INFO  Log:18 - user successfully entered login credentials
2023-08/17 15:50:02 INFO  Log:18 - loginTest testcase is passed
2023-08/17 15:50:02 INFO  Log:14 - ===========loginTestEnd Test============
2023-08/17 15:50:16 INFO  Log:10 - =========loginTestTest Start==========
2023-08/17 15:50:22 INFO  Log:18 - user is going to enter login details
2023-08/17 15:50:26 INFO  Log:18 - user successfully entered login credentials
2023-08/17 15:50:26 INFO  Log:18 - loginTest testcase is passed
2023-08/17 15:50:26 INFO  Log:14 - ===========loginTestEnd Test============
2023-08/17 15:50:41 INFO  Log:10 - =========loginTestTest Start==========
2023-08/17 15:50:46 INFO  Log:18 - user is going to enter login details
2023-08/17 15:50:51 INFO  Log:18 - user successfully entered login credentials
2023-08/17 15:50:51 INFO  Log:18 - loginTest testcase is passed
2023-08/17 15:50:51 INFO  Log:14 - ===========loginTestEnd Test============
2023-08/17 15:51:02 INFO  Log:10 - =========AddToCartPageTestTest Start==========
2023-08/17 15:51:09 INFO  Log:18 - user successfully entered login details
2023-08/17 15:51:36 INFO  Log:18 - user successfully entered quantity
2023-08/17 15:51:36 INFO  Log:18 - AddToCartPageTest testcase is passed
2023-08/17 15:51:36 INFO  Log:14 - ===========AddToCartPageTestEnd Test============
2023-08/17 15:51:53 INFO  Log:10 - =========verifyAddToCartMsgTest Start==========
2023-08/17 15:52:34 INFO  Log:18 - user successfully entered quantity
2023-08/17 15:53:02 INFO  Log:10 - =========productShopTestTest Start==========
2023-08/17 15:53:22 INFO  Log:18 - user clicking on the shop link
2023-08/17 15:53:22 INFO  Log:14 - ===========productShopTestEnd Test============
2023-08/17 15:53:32 INFO  Log:10 - =========verifyDashboadTest Start==========
2023-08/17 15:53:50 INFO  Log:18 - successfully verified successfully
2023-08/17 15:53:50 INFO  Log:18 - verifyDashboad testcase is passed
2023-08/17 15:53:50 INFO  Log:14 - ===========verifyDashboadEnd Test============
2023-08/17 16:09:09 INFO  Log:10 - =========getMyTitleTest Start==========
2023-08/17 16:09:09 INFO  Log:18 - user is going to verify title
2023-08/17 16:09:09 INFO  Log:18 - getMyTitle testcase is passed
2023-08/17 16:09:09 INFO  Log:14 - ===========getMyTitleEnd Test============
2023-08/17 16:09:21 INFO  Log:10 - =========verifyMyShopLogoTest Start==========
2023-08/17 16:09:21 INFO  Log:18 - user is going to validate logo
2023-08/17 16:09:21 INFO  Log:18 - verifyMyShopLogo test case is passed
2023-08/17 16:09:21 INFO  Log:14 - ===========verifyMyShopLogoEnd Test============
2023-08/17 16:09:33 INFO  Log:10 - =========ProductPageTestTest Start==========
2023-08/17 16:10:03 INFO  Log:18 - user is going to click on selenium ruby
2023-08/17 16:10:07 INFO  Log:18 - ProductPageTest testcase is passed
2023-08/17 16:10:07 INFO  Log:14 - ===========ProductPageTestEnd Test============
2023-08/17 16:10:25 INFO  Log:10 - =========loginTestTest Start==========
2023-08/17 16:10:31 INFO  Log:18 - user is going to enter login details
2023-08/17 16:10:37 INFO  Log:18 - user successfully entered login credentials
2023-08/17 16:10:37 INFO  Log:18 - loginTest testcase is passed
2023-08/17 16:10:37 INFO  Log:14 - ===========loginTestEnd Test============
2023-08/17 16:10:50 INFO  Log:10 - =========loginTestTest Start==========
2023-08/17 16:10:54 INFO  Log:18 - user is going to enter login details
2023-08/17 16:10:59 INFO  Log:18 - user successfully entered login credentials
2023-08/17 16:10:59 INFO  Log:18 - loginTest testcase is passed
2023-08/17 16:10:59 INFO  Log:14 - ===========loginTestEnd Test============
2023-08/17 16:11:16 INFO  Log:10 - =========loginTestTest Start==========
2023-08/17 16:11:17 INFO  Log:18 - user is going to enter login details
2023-08/17 16:11:25 INFO  Log:18 - user successfully entered login credentials
2023-08/17 16:11:25 INFO  Log:18 - loginTest testcase is passed
2023-08/17 16:11:25 INFO  Log:14 - ===========loginTestEnd Test============
2023-08/17 16:11:36 INFO  Log:10 - =========loginTestTest Start==========
2023-08/17 16:11:39 INFO  Log:18 - user is going to enter login details
2023-08/17 16:11:47 INFO  Log:18 - user successfully entered login credentials
2023-08/17 16:11:47 INFO  Log:18 - loginTest testcase is passed
2023-08/17 16:11:47 INFO  Log:14 - ===========loginTestEnd Test============
2023-08/17 16:11:58 INFO  Log:10 - =========loginTestTest Start==========
2023-08/17 16:11:59 INFO  Log:18 - user is going to enter login details
2023-08/17 16:12:32 INFO  Log:18 - user successfully entered login credentials
2023-08/17 16:12:32 INFO  Log:18 - loginTest testcase is passed
2023-08/17 16:12:32 INFO  Log:14 - ===========loginTestEnd Test============
2023-08/17 16:12:42 INFO  Log:10 - =========AddToCartPageTestTest Start==========
2023-08/17 16:12:58 INFO  Log:18 - user successfully entered login details
2023-08/17 16:13:23 INFO  Log:18 - user successfully entered quantity
2023-08/17 16:13:23 INFO  Log:18 - AddToCartPageTest testcase is passed
2023-08/17 16:13:23 INFO  Log:14 - ===========AddToCartPageTestEnd Test============
2023-08/17 16:13:37 INFO  Log:10 - =========verifyAddToCartMsgTest Start==========
2023-08/17 16:14:35 INFO  Log:10 - =========productShopTestTest Start==========
2023-08/17 16:14:58 INFO  Log:18 - user clicking on the shop link
2023-08/17 16:14:58 INFO  Log:14 - ===========productShopTestEnd Test============
2023-08/17 16:15:15 INFO  Log:10 - =========verifyDashboadTest Start==========
2023-08/17 16:15:38 INFO  Log:18 - successfully verified successfully
2023-08/17 16:15:38 INFO  Log:18 - verifyDashboad testcase is passed
2023-08/17 16:15:38 INFO  Log:14 - ===========verifyDashboadEnd Test============
2023-08/17 16:20:00 INFO  Log:10 - =========getMyTitleTest Start==========
2023-08/17 16:20:00 INFO  Log:18 - user is going to verify title
2023-08/17 16:20:00 INFO  Log:18 - getMyTitle testcase is passed
2023-08/17 16:20:00 INFO  Log:14 - ===========getMyTitleEnd Test============
2023-08/17 16:20:16 INFO  Log:10 - =========verifyMyShopLogoTest Start==========
2023-08/17 16:20:16 INFO  Log:18 - user is going to validate logo
2023-08/17 16:20:17 INFO  Log:18 - verifyMyShopLogo test case is passed
2023-08/17 16:20:17 INFO  Log:14 - ===========verifyMyShopLogoEnd Test============
2023-08/17 16:20:32 INFO  Log:10 - =========loginTestTest Start==========
2023-08/17 16:20:35 INFO  Log:18 - user is going to enter login details
2023-08/17 16:20:46 INFO  Log:18 - user successfully entered login credentials
2023-08/17 16:20:46 INFO  Log:18 - loginTest testcase is passed
2023-08/17 16:20:46 INFO  Log:14 - ===========loginTestEnd Test============
2023-08/17 16:21:00 INFO  Log:10 - =========loginTestTest Start==========
2023-08/17 16:21:11 INFO  Log:18 - user is going to enter login details
2023-08/17 16:21:18 INFO  Log:18 - user successfully entered login credentials
2023-08/17 16:21:18 INFO  Log:18 - loginTest testcase is passed
2023-08/17 16:21:18 INFO  Log:14 - ===========loginTestEnd Test============
2023-08/17 16:21:32 INFO  Log:10 - =========loginTestTest Start==========
2023-08/17 16:21:35 INFO  Log:18 - user is going to enter login details
2023-08/17 16:21:42 INFO  Log:18 - user successfully entered login credentials
2023-08/17 16:21:42 INFO  Log:18 - loginTest testcase is passed
2023-08/17 16:21:42 INFO  Log:14 - ===========loginTestEnd Test============
2023-08/17 16:21:58 INFO  Log:10 - =========loginTestTest Start==========
2023-08/17 16:21:58 INFO  Log:18 - user is going to enter login details
2023-08/17 16:22:42 INFO  Log:10 - =========loginTestTest Start==========
2023-08/17 16:22:44 INFO  Log:18 - user is going to enter login details
2023-08/17 16:22:55 INFO  Log:18 - user successfully entered login credentials
2023-08/17 16:22:55 INFO  Log:18 - loginTest testcase is passed
2023-08/17 16:22:55 INFO  Log:14 - ===========loginTestEnd Test============
2023-08/17 16:23:07 INFO  Log:10 - =========productShopTestTest Start==========
2023-08/17 16:23:30 INFO  Log:18 - user clicking on the shop link
2023-08/17 16:23:30 INFO  Log:14 - ===========productShopTestEnd Test============
2023-08/17 16:24:55 INFO  Log:10 - =========ProductPageTestTest Start==========
2023-08/17 16:26:23 INFO  Log:10 - =========AddToCartPageTestTest Start==========
2023-08/17 16:26:45 INFO  Log:18 - user successfully entered login details
2023-08/17 16:27:46 INFO  Log:18 - user successfully entered quantity
2023-08/17 16:27:46 INFO  Log:18 - AddToCartPageTest testcase is passed
2023-08/17 16:27:46 INFO  Log:14 - ===========AddToCartPageTestEnd Test============
2023-08/17 16:32:21 INFO  Log:10 - =========getMyTitleTest Start==========
2023-08/17 16:32:22 INFO  Log:18 - user is going to verify title
2023-08/17 16:32:22 INFO  Log:18 - getMyTitle testcase is passed
2023-08/17 16:32:22 INFO  Log:14 - ===========getMyTitleEnd Test============
2023-08/17 16:32:48 INFO  Log:10 - =========verifyMyShopLogoTest Start==========
2023-08/17 16:32:48 INFO  Log:18 - user is going to validate logo
2023-08/17 16:32:48 INFO  Log:18 - verifyMyShopLogo test case is passed
2023-08/17 16:32:48 INFO  Log:14 - ===========verifyMyShopLogoEnd Test============
2023-08/17 16:33:09 INFO  Log:10 - =========getMyTitleTest Start==========
2023-08/17 16:33:09 INFO  Log:18 - user is going to verify title
2023-08/17 16:33:09 INFO  Log:18 - getMyTitle testcase is passed
2023-08/17 16:33:09 INFO  Log:14 - ===========getMyTitleEnd Test============
2023-08/17 16:33:35 INFO  Log:10 - =========verifyMyShopLogoTest Start==========
2023-08/17 16:33:35 INFO  Log:18 - user is going to validate logo
2023-08/17 16:33:35 INFO  Log:18 - verifyMyShopLogo test case is passed
2023-08/17 16:33:35 INFO  Log:14 - ===========verifyMyShopLogoEnd Test============
2023-08/17 16:36:32 INFO  Log:10 - =========getMyTitleTest Start==========
2023-08/17 16:36:32 INFO  Log:18 - user is going to verify title
2023-08/17 16:36:32 INFO  Log:18 - getMyTitle testcase is passed
2023-08/17 16:36:32 INFO  Log:14 - ===========getMyTitleEnd Test============
2023-08/17 16:36:43 INFO  Log:10 - =========getMyTitleTest Start==========
2023-08/17 16:36:43 INFO  Log:18 - user is going to verify title
2023-08/17 16:36:43 INFO  Log:18 - getMyTitle testcase is passed
2023-08/17 16:36:43 INFO  Log:14 - ===========getMyTitleEnd Test============
2023-08/17 16:37:01 INFO  Log:10 - =========verifyMyShopLogoTest Start==========
2023-08/17 16:37:01 INFO  Log:18 - user is going to validate logo
2023-08/17 16:37:02 INFO  Log:18 - verifyMyShopLogo test case is passed
2023-08/17 16:37:02 INFO  Log:14 - ===========verifyMyShopLogoEnd Test============
2023-08/17 16:37:10 INFO  Log:10 - =========verifyMyShopLogoTest Start==========
2023-08/17 16:37:10 INFO  Log:18 - user is going to validate logo
2023-08/17 16:37:11 INFO  Log:18 - verifyMyShopLogo test case is passed
2023-08/17 16:37:11 INFO  Log:14 - ===========verifyMyShopLogoEnd Test============
2023-08/17 16:53:48 INFO  Log:10 - =========getMyTitleTest Start==========
2023-08/17 16:53:48 INFO  Log:18 - user is going to verify title
2023-08/17 16:53:48 INFO  Log:18 - getMyTitle testcase is passed
2023-08/17 16:53:48 INFO  Log:14 - ===========getMyTitleEnd Test============
2023-08/17 16:54:01 INFO  Log:10 - =========verifyMyShopLogoTest Start==========
2023-08/17 16:54:01 INFO  Log:18 - user is going to validate logo
2023-08/17 16:54:02 INFO  Log:18 - verifyMyShopLogo test case is passed
2023-08/17 16:54:02 INFO  Log:14 - ===========verifyMyShopLogoEnd Test============
2023-08/17 16:55:53 INFO  Log:10 - =========getMyTitleTest Start==========
2023-08/17 16:55:53 INFO  Log:18 - user is going to verify title
2023-08/17 16:55:53 INFO  Log:18 - getMyTitle testcase is passed
2023-08/17 16:55:53 INFO  Log:14 - ===========getMyTitleEnd Test============
2023-08/17 16:56:12 INFO  Log:10 - =========verifyMyShopLogoTest Start==========
2023-08/17 16:56:12 INFO  Log:18 - user is going to validate logo
2023-08/17 16:56:12 INFO  Log:18 - verifyMyShopLogo test case is passed
2023-08/17 16:56:12 INFO  Log:14 - ===========verifyMyShopLogoEnd Test============
2023-08/17 16:56:24 INFO  Log:10 - =========ProductPageTestTest Start==========
2023-08/17 16:56:50 INFO  Log:18 - user is going to click on selenium ruby
2023-08/17 17:00:31 INFO  Log:10 - =========getMyTitleTest Start==========
2023-08/17 17:00:31 INFO  Log:18 - user is going to verify title
2023-08/17 17:00:31 INFO  Log:18 - getMyTitle testcase is passed
2023-08/17 17:00:31 INFO  Log:14 - ===========getMyTitleEnd Test============
2023-08/17 17:00:43 INFO  Log:10 - =========verifyMyShopLogoTest Start==========
2023-08/17 17:00:43 INFO  Log:18 - user is going to validate logo
2023-08/17 17:00:43 INFO  Log:18 - verifyMyShopLogo test case is passed
2023-08/17 17:00:43 INFO  Log:14 - ===========verifyMyShopLogoEnd Test============
2023-08/17 17:00:53 INFO  Log:10 - =========ProductPageTestTest Start==========
2023-08/17 17:01:08 INFO  Log:18 - user is going to click on selenium ruby
2023-08/17 17:01:37 INFO  Log:18 - ProductPageTest testcase is passed
2023-08/17 17:01:37 INFO  Log:14 - ===========ProductPageTestEnd Test============
2023-08/17 17:01:50 INFO  Log:10 - =========loginTestTest Start==========
2023-08/17 17:01:51 INFO  Log:18 - user is going to enter login details
2023-08/17 17:01:59 INFO  Log:18 - user successfully entered login credentials
2023-08/17 17:01:59 INFO  Log:18 - loginTest testcase is passed
2023-08/17 17:01:59 INFO  Log:14 - ===========loginTestEnd Test============
2023-08/17 17:02:08 INFO  Log:10 - =========loginTestTest Start==========
2023-08/17 17:02:12 INFO  Log:18 - user is going to enter login details
2023-08/17 17:02:17 INFO  Log:18 - user successfully entered login credentials
2023-08/17 17:02:17 INFO  Log:18 - loginTest testcase is passed
2023-08/17 17:02:17 INFO  Log:14 - ===========loginTestEnd Test============
2023-08/17 17:02:27 INFO  Log:10 - =========loginTestTest Start==========
2023-08/17 17:02:29 INFO  Log:18 - user is going to enter login details
2023-08/17 17:02:32 INFO  Log:18 - user successfully entered login credentials
2023-08/17 17:02:32 INFO  Log:18 - loginTest testcase is passed
2023-08/17 17:02:32 INFO  Log:14 - ===========loginTestEnd Test============
2023-08/17 17:02:45 INFO  Log:10 - =========loginTestTest Start==========
2023-08/17 17:02:46 INFO  Log:18 - user is going to enter login details
2023-08/17 17:02:54 INFO  Log:18 - user successfully entered login credentials
2023-08/17 17:02:54 INFO  Log:18 - loginTest testcase is passed
2023-08/17 17:02:54 INFO  Log:14 - ===========loginTestEnd Test============
2023-08/17 17:03:02 INFO  Log:10 - =========loginTestTest Start==========
2023-08/17 17:03:04 INFO  Log:18 - user is going to enter login details
2023-08/17 17:03:10 INFO  Log:18 - user successfully entered login credentials
2023-08/17 17:03:10 INFO  Log:18 - loginTest testcase is passed
2023-08/17 17:03:10 INFO  Log:14 - ===========loginTestEnd Test============
2023-08/17 17:03:19 INFO  Log:10 - =========AddToCartPageTestTest Start==========
2023-08/17 17:03:23 INFO  Log:18 - user successfully entered login details
2023-08/17 17:03:42 INFO  Log:18 - user successfully entered quantity
2023-08/17 17:03:42 INFO  Log:18 - AddToCartPageTest testcase is passed
2023-08/17 17:03:42 INFO  Log:14 - ===========AddToCartPageTestEnd Test============
2023-08/17 17:03:52 INFO  Log:10 - =========verifyAddToCartMsgTest Start==========
2023-08/17 17:08:48 INFO  Log:10 - =========getMyTitleTest Start==========
2023-08/17 17:08:48 INFO  Log:18 - user is going to verify title
2023-08/17 17:08:48 INFO  Log:18 - getMyTitle testcase is passed
2023-08/17 17:08:48 INFO  Log:14 - ===========getMyTitleEnd Test============
2023-08/17 17:09:08 INFO  Log:10 - =========verifyMyShopLogoTest Start==========
2023-08/17 17:09:08 INFO  Log:18 - user is going to validate logo
2023-08/17 17:09:08 INFO  Log:18 - verifyMyShopLogo test case is passed
2023-08/17 17:09:08 INFO  Log:14 - ===========verifyMyShopLogoEnd Test============
2023-08/17 17:09:19 INFO  Log:10 - =========ProductPageTestTest Start==========
2023-08/17 17:09:41 INFO  Log:18 - user is going to click on selenium ruby
2023-08/17 17:09:46 INFO  Log:18 - ProductPageTest testcase is passed
2023-08/17 17:09:46 INFO  Log:14 - ===========ProductPageTestEnd Test============
2023-08/17 17:09:57 INFO  Log:10 - =========loginTestTest Start==========
2023-08/17 17:10:03 INFO  Log:18 - user is going to enter login details
2023-08/17 17:10:08 INFO  Log:18 - user successfully entered login credentials
2023-08/17 17:10:08 INFO  Log:18 - loginTest testcase is passed
2023-08/17 17:10:08 INFO  Log:14 - ===========loginTestEnd Test============
2023-08/17 17:10:16 INFO  Log:10 - =========loginTestTest Start==========
2023-08/17 17:10:22 INFO  Log:18 - user is going to enter login details
2023-08/17 17:10:25 INFO  Log:18 - user successfully entered login credentials
2023-08/17 17:10:25 INFO  Log:18 - loginTest testcase is passed
2023-08/17 17:10:25 INFO  Log:14 - ===========loginTestEnd Test============
2023-08/17 17:10:38 INFO  Log:10 - =========loginTestTest Start==========
2023-08/17 17:10:42 INFO  Log:18 - user is going to enter login details
2023-08/17 17:10:46 INFO  Log:18 - user successfully entered login credentials
2023-08/17 17:10:46 INFO  Log:18 - loginTest testcase is passed
2023-08/17 17:10:46 INFO  Log:14 - ===========loginTestEnd Test============
2023-08/17 17:10:59 INFO  Log:10 - =========loginTestTest Start==========
2023-08/17 17:11:01 INFO  Log:18 - user is going to enter login details
2023-08/17 17:11:04 INFO  Log:18 - user successfully entered login credentials
2023-08/17 17:11:04 INFO  Log:18 - loginTest testcase is passed
2023-08/17 17:11:04 INFO  Log:14 - ===========loginTestEnd Test============
2023-08/17 17:11:14 INFO  Log:10 - =========loginTestTest Start==========
2023-08/17 17:11:16 INFO  Log:18 - user is going to enter login details
2023-08/17 17:11:21 INFO  Log:18 - user successfully entered login credentials
2023-08/17 17:11:21 INFO  Log:18 - loginTest testcase is passed
2023-08/17 17:11:21 INFO  Log:14 - ===========loginTestEnd Test============
2023-08/17 17:11:32 INFO  Log:10 - =========AddToCartPageTestTest Start==========
2023-08/17 17:11:45 INFO  Log:18 - user successfully entered login details
2023-08/17 17:12:17 INFO  Log:18 - user successfully entered quantity
2023-08/17 17:12:17 INFO  Log:18 - AddToCartPageTest testcase is passed
2023-08/17 17:12:17 INFO  Log:14 - ===========AddToCartPageTestEnd Test============
2023-08/17 17:12:26 INFO  Log:10 - =========verifyAddToCartMsgTest Start==========
2023-08/17 17:13:02 INFO  Log:18 - user successfully entered quantity
2023-08/17 17:13:28 INFO  Log:10 - =========productShopTestTest Start==========
2023-08/17 17:13:47 INFO  Log:18 - user clicking on the shop link
2023-08/17 17:13:47 INFO  Log:14 - ===========productShopTestEnd Test============
2023-08/17 17:14:01 INFO  Log:10 - =========verifyDashboadTest Start==========
2023-08/17 17:14:12 INFO  Log:18 - successfully verified successfully
2023-08/17 17:14:12 INFO  Log:18 - verifyDashboad testcase is passed
2023-08/17 17:14:12 INFO  Log:14 - ===========verifyDashboadEnd Test============
